<?xml version="1.0" encoding="UTF-8"?>
<testsuite name="hexlet.code.AppTest$UrlTest" tests="3" skipped="0" failures="0" errors="0" timestamp="2023-12-27T17:37:33" hostname="KALININAA-LAP" time="2.2">
  <properties/>
  <testcase name="testIndex()" classname="hexlet.code.AppTest$UrlTest" time="0.734"/>
  <testcase name="testStore()" classname="hexlet.code.AppTest$UrlTest" time="0.774"/>
  <testcase name="testShow()" classname="hexlet.code.AppTest$UrlTest" time="0.689"/>
  <system-out><![CDATA[]]></system-out>
  <system-err><![CDATA[[Test worker] INFO com.zaxxer.hikari.HikariDataSource - HikariPool-2 - Starting...
[Test worker] INFO com.zaxxer.hikari.pool.HikariPool - HikariPool-2 - Added connection conn10: url=jdbc:h2:mem:project user=
[Test worker] INFO com.zaxxer.hikari.HikariDataSource - HikariPool-2 - Start completed.
[Test worker] INFO hexlet.code.App - DROP TABLE IF EXISTS url_checks;
DROP TABLE IF EXISTS urls;

CREATE TABLE urls (
                      id                            BIGINT GENERATED BY DEFAULT AS IDENTITY NOT NULL,
                      name                          VARCHAR(255),
                      created_at                    TIMESTAMP NOT NULL,
                      CONSTRAINT pk_url PRIMARY KEY (id)
);

CREATE TABLE url_checks (
                            id                            BIGINT GENERATED BY DEFAULT AS IDENTITY NOT NULL,
                            status_code                   INTEGER NOT NULL,
                            title                         VARCHAR(255),
                            h1                            VARCHAR(255),
                            description                   TEXT,
                            url_id                        BIGINT NOT NULL,
                            created_at                    TIMESTAMP NOT NULL,
                            CONSTRAINT pk_url_checks PRIMARY KEY (id)
);

CREATE INDEX ix_url_check_url_id ON url_checks (url_id);
ALTER TABLE url_checks ADD CONSTRAINT fk_url_checks_url_id FOREIGN KEY (url_id) REFERENCES urls (id) ON DELETE RESTRICT ON UPDATE RESTRICT;
[Test worker] INFO io.javalin.Javalin - JAVALIN HANDLER REGISTRATION DEBUG LOG: BEFORE[*]
[Test worker] INFO io.javalin.Javalin - '.jte' is already registered to class io.javalin.rendering.template.JavalinJte. Overriding.
[Test worker] INFO io.javalin.Javalin - '.kte' is already registered to class io.javalin.rendering.template.JavalinJte. Overriding.
[Test worker] INFO io.javalin.Javalin - JAVALIN HANDLER REGISTRATION DEBUG LOG: GET[/]
[Test worker] INFO io.javalin.Javalin - JAVALIN HANDLER REGISTRATION DEBUG LOG: GET[/urls]
[Test worker] INFO io.javalin.Javalin - JAVALIN HANDLER REGISTRATION DEBUG LOG: POST[/urls]
[Test worker] INFO io.javalin.Javalin - JAVALIN HANDLER REGISTRATION DEBUG LOG: GET[/urls/{id}]
[Test worker] INFO io.javalin.Javalin - JAVALIN HANDLER REGISTRATION DEBUG LOG: POST[/urls/{id}/checks]
[Test worker] INFO com.zaxxer.hikari.HikariDataSource - HikariPool-3 - Starting...
[Test worker] INFO com.zaxxer.hikari.pool.HikariPool - HikariPool-3 - Added connection conn20: url=jdbc:h2:mem:project user=
[Test worker] INFO com.zaxxer.hikari.HikariDataSource - HikariPool-3 - Start completed.
[Test worker] INFO hexlet.code.App - DROP TABLE IF EXISTS url_checks;
DROP TABLE IF EXISTS urls;

CREATE TABLE urls (
                      id                            BIGINT GENERATED BY DEFAULT AS IDENTITY NOT NULL,
                      name                          VARCHAR(255),
                      created_at                    TIMESTAMP NOT NULL,
                      CONSTRAINT pk_url PRIMARY KEY (id)
);

CREATE TABLE url_checks (
                            id                            BIGINT GENERATED BY DEFAULT AS IDENTITY NOT NULL,
                            status_code                   INTEGER NOT NULL,
                            title                         VARCHAR(255),
                            h1                            VARCHAR(255),
                            description                   TEXT,
                            url_id                        BIGINT NOT NULL,
                            created_at                    TIMESTAMP NOT NULL,
                            CONSTRAINT pk_url_checks PRIMARY KEY (id)
);

CREATE INDEX ix_url_check_url_id ON url_checks (url_id);
ALTER TABLE url_checks ADD CONSTRAINT fk_url_checks_url_id FOREIGN KEY (url_id) REFERENCES urls (id) ON DELETE RESTRICT ON UPDATE RESTRICT;
[Test worker] INFO io.javalin.Javalin - JAVALIN HANDLER REGISTRATION DEBUG LOG: BEFORE[*]
[Test worker] INFO io.javalin.Javalin - '.jte' is already registered to class io.javalin.rendering.template.JavalinJte. Overriding.
[Test worker] INFO io.javalin.Javalin - '.kte' is already registered to class io.javalin.rendering.template.JavalinJte. Overriding.
[Test worker] INFO io.javalin.Javalin - JAVALIN HANDLER REGISTRATION DEBUG LOG: GET[/]
[Test worker] INFO io.javalin.Javalin - JAVALIN HANDLER REGISTRATION DEBUG LOG: GET[/urls]
[Test worker] INFO io.javalin.Javalin - JAVALIN HANDLER REGISTRATION DEBUG LOG: POST[/urls]
[Test worker] INFO io.javalin.Javalin - JAVALIN HANDLER REGISTRATION DEBUG LOG: GET[/urls/{id}]
[Test worker] INFO io.javalin.Javalin - JAVALIN HANDLER REGISTRATION DEBUG LOG: POST[/urls/{id}/checks]
[Test worker] INFO com.zaxxer.hikari.HikariDataSource - HikariPool-4 - Starting...
[Test worker] INFO com.zaxxer.hikari.pool.HikariPool - HikariPool-4 - Added connection conn30: url=jdbc:h2:mem:project user=
[Test worker] INFO com.zaxxer.hikari.HikariDataSource - HikariPool-4 - Start completed.
[Test worker] INFO hexlet.code.App - DROP TABLE IF EXISTS url_checks;
DROP TABLE IF EXISTS urls;

CREATE TABLE urls (
                      id                            BIGINT GENERATED BY DEFAULT AS IDENTITY NOT NULL,
                      name                          VARCHAR(255),
                      created_at                    TIMESTAMP NOT NULL,
                      CONSTRAINT pk_url PRIMARY KEY (id)
);

CREATE TABLE url_checks (
                            id                            BIGINT GENERATED BY DEFAULT AS IDENTITY NOT NULL,
                            status_code                   INTEGER NOT NULL,
                            title                         VARCHAR(255),
                            h1                            VARCHAR(255),
                            description                   TEXT,
                            url_id                        BIGINT NOT NULL,
                            created_at                    TIMESTAMP NOT NULL,
                            CONSTRAINT pk_url_checks PRIMARY KEY (id)
);

CREATE INDEX ix_url_check_url_id ON url_checks (url_id);
ALTER TABLE url_checks ADD CONSTRAINT fk_url_checks_url_id FOREIGN KEY (url_id) REFERENCES urls (id) ON DELETE RESTRICT ON UPDATE RESTRICT;
[Test worker] INFO io.javalin.Javalin - JAVALIN HANDLER REGISTRATION DEBUG LOG: BEFORE[*]
[Test worker] INFO io.javalin.Javalin - '.jte' is already registered to class io.javalin.rendering.template.JavalinJte. Overriding.
[Test worker] INFO io.javalin.Javalin - '.kte' is already registered to class io.javalin.rendering.template.JavalinJte. Overriding.
[Test worker] INFO io.javalin.Javalin - JAVALIN HANDLER REGISTRATION DEBUG LOG: GET[/]
[Test worker] INFO io.javalin.Javalin - JAVALIN HANDLER REGISTRATION DEBUG LOG: GET[/urls]
[Test worker] INFO io.javalin.Javalin - JAVALIN HANDLER REGISTRATION DEBUG LOG: POST[/urls]
[Test worker] INFO io.javalin.Javalin - JAVALIN HANDLER REGISTRATION DEBUG LOG: GET[/urls/{id}]
[Test worker] INFO io.javalin.Javalin - JAVALIN HANDLER REGISTRATION DEBUG LOG: POST[/urls/{id}/checks]
]]></system-err>
</testsuite>
