<?xml version="1.0" encoding="UTF-8"?>
<testsuite name="hexlet.code.AppTest$UrlCheckTest" tests="1" skipped="0" failures="0" errors="0" timestamp="2023-12-27T17:37:27" hostname="KALININAA-LAP" time="5.405">
  <properties/>
  <testcase name="testStore()" classname="hexlet.code.AppTest$UrlCheckTest" time="5.405"/>
  <system-out><![CDATA[]]></system-out>
  <system-err><![CDATA[SLF4J: Class path contains multiple SLF4J providers.
SLF4J: Found provider [org.slf4j.simple.SimpleServiceProvider@4e08acf9]
SLF4J: Found provider [ch.qos.logback.classic.spi.LogbackServiceProvider@42ea287]
SLF4J: See https://www.slf4j.org/codes.html#multiple_bindings for an explanation.
SLF4J: Actual provider is of type [org.slf4j.simple.SimpleServiceProvider@4e08acf9]
[Test worker] INFO com.zaxxer.hikari.HikariDataSource - HikariPool-1 - Starting...
[Test worker] INFO com.zaxxer.hikari.pool.HikariPool - HikariPool-1 - Added connection conn0: url=jdbc:h2:mem:project user=
[Test worker] INFO com.zaxxer.hikari.HikariDataSource - HikariPool-1 - Start completed.
[Test worker] INFO hexlet.code.App - DROP TABLE IF EXISTS url_checks;
DROP TABLE IF EXISTS urls;

CREATE TABLE urls (
                      id                            BIGINT GENERATED BY DEFAULT AS IDENTITY NOT NULL,
                      name                          VARCHAR(255),
                      created_at                    TIMESTAMP NOT NULL,
                      CONSTRAINT pk_url PRIMARY KEY (id)
);

CREATE TABLE url_checks (
                            id                            BIGINT GENERATED BY DEFAULT AS IDENTITY NOT NULL,
                            status_code                   INTEGER NOT NULL,
                            title                         VARCHAR(255),
                            h1                            VARCHAR(255),
                            description                   TEXT,
                            url_id                        BIGINT NOT NULL,
                            created_at                    TIMESTAMP NOT NULL,
                            CONSTRAINT pk_url_checks PRIMARY KEY (id)
);

CREATE INDEX ix_url_check_url_id ON url_checks (url_id);
ALTER TABLE url_checks ADD CONSTRAINT fk_url_checks_url_id FOREIGN KEY (url_id) REFERENCES urls (id) ON DELETE RESTRICT ON UPDATE RESTRICT;
[Test worker] INFO io.javalin.Javalin - JAVALIN HANDLER REGISTRATION DEBUG LOG: BEFORE[*]
[Test worker] INFO io.javalin.Javalin - '.jte' is already registered to class io.javalin.rendering.template.JavalinJte. Overriding.
[Test worker] INFO io.javalin.Javalin - '.kte' is already registered to class io.javalin.rendering.template.JavalinJte. Overriding.
[Test worker] INFO io.javalin.Javalin - JAVALIN HANDLER REGISTRATION DEBUG LOG: GET[/]
[Test worker] INFO io.javalin.Javalin - JAVALIN HANDLER REGISTRATION DEBUG LOG: GET[/urls]
[Test worker] INFO io.javalin.Javalin - JAVALIN HANDLER REGISTRATION DEBUG LOG: POST[/urls]
[Test worker] INFO io.javalin.Javalin - JAVALIN HANDLER REGISTRATION DEBUG LOG: GET[/urls/{id}]
[Test worker] INFO io.javalin.Javalin - JAVALIN HANDLER REGISTRATION DEBUG LOG: POST[/urls/{id}/checks]
]]></system-err>
</testsuite>
